{
  "RSpec": {
    "coverage": {
      "/home/dinaaziz/tic-tac-toe-rb-re-coded-000/lib/tic_tac_toe.rb": [
        1,
        1,
        4,
        4,
        4,
        4,
        4,
        null,
        null,
        1,
        5,
        null,
        null,
        1,
        17,
        7,
        10,
        0,
        10,
        0,
        10,
        10,
        null,
        null,
        null,
        1,
        6,
        3,
        null,
        3,
        null,
        null,
        null,
        1,
        3,
        3,
        3,
        2,
        2,
        null,
        1,
        null,
        null,
        null,
        1,
        4,
        4,
        36,
        5,
        null,
        null,
        4,
        null,
        null,
        1,
        3,
        3,
        null,
        0,
        null,
        null,
        null,
        1,
        13,
        91,
        null,
        null,
        null,
        1,
        5,
        31,
        null,
        null,
        null,
        1,
        7,
        null,
        null,
        1,
        3,
        null,
        1,
        3,
        3,
        2,
        null,
        null,
        1,
        0,
        0,
        null,
        0,
        0,
        null,
        0,
        null,
        null
      ]
    },
    "timestamp": 1526051091
  }
}
